<?xml version="1.0" encoding="UTF-8"?>
<testsuite xmlns:xsi="http://www.w3.org/2001/XMLSchema-instance" xsi:noNamespaceSchemaLocation="https://maven.apache.org/surefire/maven-surefire-plugin/xsd/surefire-test-report.xsd" name="tn.esprit.rh.achat.ProduitTest" time="10.744" tests="6" errors="0" skipped="0" failures="0">
  <properties>
[...]
</properties>
  <testcase name="deleteProduitTest" classname="tn.esprit.rh.achat.ProduitTest" time="0.32"/>
  <testcase name="addProduitTest" classname="tn.esprit.rh.achat.ProduitTest" time="0.077"/>
  <testcase name="retrieveProduitTest" classname="tn.esprit.rh.achat.ProduitTest" time="0.082"/>
  <testcase name="retrieveAllProduitsTest" classname="tn.esprit.rh.achat.ProduitTest" time="0.086"/>
  <testcase name="assignProduitToStockTest" classname="tn.esprit.rh.achat.ProduitTest" time="0.072"/>
  <testcase name="updateProduitTest" classname="tn.esprit.rh.achat.ProduitTest" time="0.116"/>
</testsuite>